mode: set
gopherguides-intro-to-go/week03/assignment03.go:19.44,21.18 1 0
gopherguides-intro-to-go/week03/assignment03.go:25.2,26.12 2 0
gopherguides-intro-to-go/week03/assignment03.go:21.18,23.3 1 0
gopherguides-intro-to-go/week03/assignment03.go:30.35,33.2 2 0
gopherguides-intro-to-go/week03/assignment03.go:35.30,37.2 1 0
gopherguides-intro-to-go/week03/assignment03.go:39.28,41.2 1 0
gopherguides-intro-to-go/week03/assignment03.go:43.33,46.2 2 0
gopherguides-intro-to-go/week03/assignment03.go:48.32,51.2 2 0
gopherguides-intro-to-go/week03/assignment03.go:53.56,55.17 1 0
gopherguides-intro-to-go/week03/assignment03.go:59.2,59.22 1 0
gopherguides-intro-to-go/week03/assignment03.go:63.2,63.12 1 0
gopherguides-intro-to-go/week03/assignment03.go:55.17,57.3 1 0
gopherguides-intro-to-go/week03/assignment03.go:59.22,61.3 1 0
gopherguides-intro-to-go/week03/assignment03.go:66.61,67.22 1 0
gopherguides-intro-to-go/week03/assignment03.go:77.2,77.12 1 0
gopherguides-intro-to-go/week03/assignment03.go:67.22,69.37 2 0
gopherguides-intro-to-go/week03/assignment03.go:69.37,71.4 1 0
gopherguides-intro-to-go/week03/assignment03.go:71.9,72.39 1 0
gopherguides-intro-to-go/week03/assignment03.go:72.39,74.5 1 0
gopherguides-intro-to-go/week03/assignment03.go:80.14,82.2 0 0
